<?xml version="1.0" encoding="UTF-8"?>
<!-- Generated by org.testng.reporters.JUnitReportReporter -->
<testsuite skipped="0" hostname="amw-g1" name="jenkin_ci_config.DemoCi" tests="3" failures="0" timestamp="03 Jan 2018 10:42:35 GMT" time="49.041" errors="0">
  <testcase name="login" time="19.240" classname="jenkin_ci_config.DemoCi"/>
  <testcase name="login" time="12.373" classname="jenkin_ci_config.DemoCi"/>
  <testcase name="login" time="17.428" classname="jenkin_ci_config.DemoCi"/>
</testsuite> <!-- jenkin_ci_config.DemoCi -->
